[10Feb2022 23:56:22.287] [main/INFO] [cpw.mods.modlauncher.Launcher/MODLAUNCHER]: ModLauncher running: args [--username, TwistedMintz, --version, MultiMC5, --gameDir, C:/Program Files (x86)/MultiMC/instances/FTB Presents Direwolf20 1.161/minecraft, --assetsDir, C:/Program Files (x86)/MultiMC/assets, --assetIndex, 1.16, --uuid, 1b56aa8b6fb5459cb30196edacc69de0, --accessToken, ????????, --userType, mojang, --versionType, release, --launchTarget, fmlclient, --fml.forgeVersion, 36.2.20, --fml.mcVersion, 1.16.5, --fml.forgeGroup, net.minecraftforge, --fml.mcpVersion, 20210115.111550, --width, 854, --height, 480]
[10Feb2022 23:56:22.291] [main/INFO] [cpw.mods.modlauncher.Launcher/MODLAUNCHER]: ModLauncher 8.0.9+86+master.3cf110c starting: java version 1.8.0_311 by Oracle Corporation
[10Feb2022 23:56:22.713] [main/INFO] [net.minecraftforge.fml.loading.FixSSL/CORE]: Added Lets Encrypt root certificates as additional trust
[10Feb2022 23:56:22.751] [main/INFO] [mixin/]: SpongePowered MIXIN Subsystem Version=0.8.4 Source=file:/C:/Program%20Files%20(x86)/MultiMC/libraries/org/spongepowered/mixin/0.8.4/mixin-0.8.4.jar Service=ModLauncher Env=CLIENT
[10Feb2022 23:56:25.548] [main/INFO] [STDERR/]: [org.antlr.v4.runtime.ConsoleErrorListener:syntaxError:38]: line 13:0 token recognition error at: '`'
[10Feb2022 23:56:26.554] [main/INFO] [mixin/]: Successfully loaded Mixin Connector [vazkii.botania.common.MixinConnector]
[10Feb2022 23:56:26.555] [main/INFO] [mixin/]: Successfully loaded Mixin Connector [vazkii.patchouli.common.MixinConnector]
[10Feb2022 23:56:26.558] [main/INFO] [cpw.mods.modlauncher.LaunchServiceHandler/MODLAUNCHER]: Launching target 'fmlclient' with arguments [--version, MultiMC5, --gameDir, C:\Program Files (x86)\MultiMC\instances\FTB Presents Direwolf20 1.161\minecraft, --assetsDir, C:\Program Files (x86)\MultiMC\assets, --uuid, 1b56aa8b6fb5459cb30196edacc69de0, --username, TwistedMintz, --assetIndex, 1.16, --accessToken, ????????, --userType, mojang, --versionType, release, --width, 854, --height, 480]
[10Feb2022 23:56:26.568] [main/WARN] [mixin/]: Reference map 'ftbranks.refmap.json' for ftbranks-common.mixins.json could not be read. If this is a development environment you can ignore this message
[10Feb2022 23:56:26.911] [main/INFO] [net.minecraftforge.coremod.CoreMod.placebo/COREMODLOG]: Patching DataPackRegistries#<init>
[10Feb2022 23:56:27.022] [main/INFO] [net.minecraftforge.coremod.CoreMod.astralsorcery/COREMODLOG]: Adding 'set_player_field' ASM patch...
[10Feb2022 23:56:27.029] [main/INFO] [net.minecraftforge.coremod.CoreMod.astralsorcery/COREMODLOG]: Added 'set_player_field' ASM patch!
[10Feb2022 23:56:27.033] [main/INFO] [net.minecraftforge.coremod.CoreMod.astralsorcery/COREMODLOG]: Adding 'water_movement_slowdown_prevention' ASM patch...
[10Feb2022 23:56:27.036] [main/INFO] [net.minecraftforge.coremod.CoreMod.astralsorcery/COREMODLOG]: Added 'water_movement_slowdown_prevention' ASM patch!
[10Feb2022 23:56:27.051] [main/INFO] [net.minecraftforge.coremod.CoreMod.astralsorcery/COREMODLOG]: Adding 'add_custom_entity_collision' ASM patch...
[10Feb2022 23:56:27.055] [main/INFO] [net.minecraftforge.coremod.CoreMod.astralsorcery/COREMODLOG]: Added 'add_custom_entity_collision' ASM patch!
[10Feb2022 23:56:27.113] [main/INFO] [net.minecraftforge.coremod.CoreMod.placebo/COREMODLOG]: Patching LootTableManager#apply
[10Feb2022 23:56:27.218] [main/INFO] [net.minecraftforge.coremod.CoreMod.astralsorcery/COREMODLOG]: Adding 'add_missing_tag_enchantment_tooltip' ASM patch...
[10Feb2022 23:56:27.239] [main/INFO] [net.minecraftforge.coremod.CoreMod.astralsorcery/COREMODLOG]: Added 'add_missing_tag_enchantment_tooltip' ASM patch!
[10Feb2022 23:56:27.243] [main/INFO] [net.minecraftforge.coremod.CoreMod.astralsorcery/COREMODLOG]: Adding 'add_enchantment_tooltip' ASM patch...
[10Feb2022 23:56:27.251] [main/INFO] [net.minecraftforge.coremod.CoreMod.astralsorcery/COREMODLOG]: Added 'add_enchantment_tooltip' ASM patch!
[10Feb2022 23:56:27.398] [main/INFO] [net.minecraftforge.coremod.CoreMod.placebo/COREMODLOG]: Patching ModelBakery#<init>
[10Feb2022 23:56:27.467] [main/INFO] [net.minecraftforge.coremod.CoreMod.astralsorcery/COREMODLOG]: Adding 'add_custom_entity_collision' ASM patch...
[10Feb2022 23:56:27.467] [main/INFO] [net.minecraftforge.coremod.CoreMod.astralsorcery/COREMODLOG]: Added 'add_custom_entity_collision' ASM patch!
[10Feb2022 23:56:27.838] [main/INFO] [net.minecraftforge.coremod.CoreMod.observerlib/COREMODLOG]: Adding 'on_block_change' ASM patch...
[10Feb2022 23:56:27.841] [main/INFO] [net.minecraftforge.coremod.CoreMod.observerlib/COREMODLOG]: Added 'on_block_change' ASM patch!
[10Feb2022 23:56:27.843] [main/INFO] [net.minecraftforge.coremod.CoreMod.astralsorcery/COREMODLOG]: Adding 'sun_brightness_server' ASM patch...
[10Feb2022 23:56:27.845] [main/INFO] [net.minecraftforge.coremod.CoreMod.astralsorcery/COREMODLOG]: Added 'sun_brightness_server' ASM patch!
[10Feb2022 23:56:27.871] [main/INFO] [net.minecraftforge.coremod.CoreMod.astralsorcery/COREMODLOG]: Adding 'reach_set_client_renderer' ASM patch...
[10Feb2022 23:56:27.876] [main/INFO] [net.minecraftforge.coremod.CoreMod.astralsorcery/COREMODLOG]: Added 'reach_set_client_renderer' ASM patch!
[10Feb2022 23:56:29.236] [pool-3-thread-1/INFO] [net.minecraftforge.coremod.CoreMod.astralsorcery/COREMODLOG]: Adding 'add_custom_entity_collision' ASM patch...
[10Feb2022 23:56:29.236] [pool-3-thread-1/INFO] [net.minecraftforge.coremod.CoreMod.astralsorcery/COREMODLOG]: Added 'add_custom_entity_collision' ASM patch!
[10Feb2022 23:56:29.333] [main/INFO] [STDERR/]: [org.multimc.onesix.OneSixLauncher:launchWithMainClass:213]: Failed to start Minecraft:
[10Feb2022 23:56:29.334] [main/INFO] [STDERR/]: [org.multimc.onesix.OneSixLauncher:launch:245]: java.lang.reflect.InvocationTargetException
[10Feb2022 23:56:29.334] [main/INFO] [STDERR/]: [org.multimc.onesix.OneSixLauncher:launch:245]: 	at sun.reflect.NativeMethodAccessorImpl.invoke0(Native Method)
[10Feb2022 23:56:29.334] [main/INFO] [STDERR/]: [org.multimc.onesix.OneSixLauncher:launch:245]: 	at sun.reflect.NativeMethodAccessorImpl.invoke(Unknown Source)
[10Feb2022 23:56:29.334] [main/INFO] [STDERR/]: [org.multimc.onesix.OneSixLauncher:launch:245]: 	at sun.reflect.DelegatingMethodAccessorImpl.invoke(Unknown Source)
[10Feb2022 23:56:29.334] [main/INFO] [STDERR/]: [org.multimc.onesix.OneSixLauncher:launch:245]: 	at java.lang.reflect.Method.invoke(Unknown Source)
[10Feb2022 23:56:29.334] [main/INFO] [STDERR/]: [org.multimc.onesix.OneSixLauncher:launch:245]: 	at org.multimc.onesix.OneSixLauncher.launchWithMainClass(OneSixLauncher.java:210)
[10Feb2022 23:56:29.335] [main/INFO] [STDERR/]: [org.multimc.onesix.OneSixLauncher:launch:245]: 	at org.multimc.onesix.OneSixLauncher.launch(OneSixLauncher.java:245)
[10Feb2022 23:56:29.335] [main/INFO] [STDERR/]: [org.multimc.onesix.OneSixLauncher:launch:245]: 	at org.multimc.EntryPoint.listen(EntryPoint.java:143)
[10Feb2022 23:56:29.335] [main/INFO] [STDERR/]: [org.multimc.onesix.OneSixLauncher:launch:245]: 	at org.multimc.EntryPoint.main(EntryPoint.java:34)
[10Feb2022 23:56:29.335] [main/INFO] [STDERR/]: [org.multimc.onesix.OneSixLauncher:launchWithMainClass:214]: Caused by: java.lang.reflect.InvocationTargetException
[10Feb2022 23:56:29.335] [main/INFO] [STDERR/]: [org.multimc.onesix.OneSixLauncher:launchWithMainClass:214]: 	at sun.reflect.NativeMethodAccessorImpl.invoke0(Native Method)
[10Feb2022 23:56:29.335] [main/INFO] [STDERR/]: [org.multimc.onesix.OneSixLauncher:launchWithMainClass:214]: 	at sun.reflect.NativeMethodAccessorImpl.invoke(Unknown Source)
[10Feb2022 23:56:29.335] [main/INFO] [STDERR/]: [org.multimc.onesix.OneSixLauncher:launchWithMainClass:214]: 	at sun.reflect.DelegatingMethodAccessorImpl.invoke(Unknown Source)
[10Feb2022 23:56:29.335] [main/INFO] [STDERR/]: [org.multimc.onesix.OneSixLauncher:launchWithMainClass:214]: 	at java.lang.reflect.Method.invoke(Unknown Source)
[10Feb2022 23:56:29.335] [main/INFO] [STDERR/]: [org.multimc.onesix.OneSixLauncher:launchWithMainClass:214]: 	at io.github.zekerzhayard.forgewrapper.installer.Main.main(Main.java:57)
[10Feb2022 23:56:29.335] [main/INFO] [STDERR/]: [org.multimc.onesix.OneSixLauncher:launchWithMainClass:214]: 	... 8 more
[10Feb2022 23:56:29.336] [main/INFO] [STDERR/]: [java.lang.Throwable:printStackTrace:-1]: Caused by: java.lang.RuntimeException: java.lang.reflect.InvocationTargetException
[10Feb2022 23:56:29.336] [main/INFO] [STDERR/]: [java.lang.Throwable:printStackTrace:-1]: 	at cpw.mods.modlauncher.LaunchServiceHandlerDecorator.launch(LaunchServiceHandlerDecorator.java:39)
[10Feb2022 23:56:29.336] [main/INFO] [STDERR/]: [java.lang.Throwable:printStackTrace:-1]: 	at cpw.mods.modlauncher.LaunchServiceHandler.launch(LaunchServiceHandler.java:54)
[10Feb2022 23:56:29.336] [main/INFO] [STDERR/]: [java.lang.Throwable:printStackTrace:-1]: 	at cpw.mods.modlauncher.LaunchServiceHandler.launch(LaunchServiceHandler.java:72)
[10Feb2022 23:56:29.336] [main/INFO] [STDERR/]: [java.lang.Throwable:printStackTrace:-1]: 	at cpw.mods.modlauncher.Launcher.run(Launcher.java:82)
[10Feb2022 23:56:29.336] [main/INFO] [STDERR/]: [java.lang.Throwable:printStackTrace:-1]: 	at cpw.mods.modlauncher.Launcher.main(Launcher.java:66)
[10Feb2022 23:56:29.336] [main/INFO] [STDERR/]: [java.lang.Throwable:printStackTrace:-1]: 	... 13 more
[10Feb2022 23:56:29.336] [main/INFO] [STDERR/]: [java.lang.Throwable:printStackTrace:-1]: Caused by: java.lang.reflect.InvocationTargetException
[10Feb2022 23:56:29.336] [main/INFO] [STDERR/]: [java.lang.Throwable:printStackTrace:-1]: 	at sun.reflect.NativeMethodAccessorImpl.invoke0(Native Method)
[10Feb2022 23:56:29.337] [main/INFO] [STDERR/]: [java.lang.Throwable:printStackTrace:-1]: 	at sun.reflect.NativeMethodAccessorImpl.invoke(Unknown Source)
[10Feb2022 23:56:29.337] [main/INFO] [STDERR/]: [java.lang.Throwable:printStackTrace:-1]: 	at sun.reflect.DelegatingMethodAccessorImpl.invoke(Unknown Source)
[10Feb2022 23:56:29.337] [main/INFO] [STDERR/]: [java.lang.Throwable:printStackTrace:-1]: 	at java.lang.reflect.Method.invoke(Unknown Source)
[10Feb2022 23:56:29.337] [main/INFO] [STDERR/]: [java.lang.Throwable:printStackTrace:-1]: 	at net.minecraftforge.fml.loading.FMLClientLaunchProvider.lambda$launchService$0(FMLClientLaunchProvider.java:51)
[10Feb2022 23:56:29.337] [main/INFO] [STDERR/]: [java.lang.Throwable:printStackTrace:-1]: 	at cpw.mods.modlauncher.LaunchServiceHandlerDecorator.launch(LaunchServiceHandlerDecorator.java:37)
[10Feb2022 23:56:29.337] [main/INFO] [STDERR/]: [java.lang.Throwable:printStackTrace:-1]: 	... 17 more
[10Feb2022 23:56:29.338] [main/INFO] [STDERR/]: [java.lang.Throwable:printEnclosedStackTrace:-1]: Caused by: java.lang.RuntimeException: org.spongepowered.asm.mixin.transformer.throwables.MixinTransformerError: An unexpected critical error was encountered
[10Feb2022 23:56:29.338] [main/INFO] [STDERR/]: [java.lang.Throwable:printEnclosedStackTrace:-1]: 	at net.minecraftforge.fml.loading.BackgroundWaiter.runAndTick(BackgroundWaiter.java:43)
[10Feb2022 23:56:29.338] [main/INFO] [STDERR/]: [java.lang.Throwable:printEnclosedStackTrace:-1]: 	at net.minecraft.client.main.Main.main(Main.java:123)
[10Feb2022 23:56:29.338] [main/INFO] [STDERR/]: [java.lang.Throwable:printEnclosedStackTrace:-1]: 	... 23 more
[10Feb2022 23:56:29.338] [main/INFO] [STDERR/]: [java.lang.Throwable:printEnclosedStackTrace:-1]: Caused by: org.spongepowered.asm.mixin.transformer.throwables.MixinTransformerError: An unexpected critical error was encountered
[10Feb2022 23:56:29.339] [main/INFO] [STDERR/]: [java.lang.Throwable:printEnclosedStackTrace:-1]: 	at org.spongepowered.asm.mixin.transformer.MixinProcessor.applyMixins(MixinProcessor.java:392)
[10Feb2022 23:56:29.339] [main/INFO] [STDERR/]: [java.lang.Throwable:printEnclosedStackTrace:-1]: 	at org.spongepowered.asm.mixin.transformer.MixinTransformer.transformClass(MixinTransformer.java:250)
[10Feb2022 23:56:29.339] [main/INFO] [STDERR/]: [java.lang.Throwable:printEnclosedStackTrace:-1]: 	at org.spongepowered.asm.service.modlauncher.MixinTransformationHandler.processClass(MixinTransformationHandler.java:131)
[10Feb2022 23:56:29.339] [main/INFO] [STDERR/]: [java.lang.Throwable:printEnclosedStackTrace:-1]: 	at org.spongepowered.asm.launch.MixinLaunchPluginLegacy.processClass(MixinLaunchPluginLegacy.java:131)
[10Feb2022 23:56:29.339] [main/INFO] [STDERR/]: [java.lang.Throwable:printEnclosedStackTrace:-1]: 	at cpw.mods.modlauncher.serviceapi.ILaunchPluginService.processClassWithFlags(ILaunchPluginService.java:154)
[10Feb2022 23:56:29.339] [main/INFO] [STDERR/]: [java.lang.Throwable:printEnclosedStackTrace:-1]: 	at cpw.mods.modlauncher.LaunchPluginHandler.offerClassNodeToPlugins(LaunchPluginHandler.java:85)
[10Feb2022 23:56:29.339] [main/INFO] [STDERR/]: [java.lang.Throwable:printEnclosedStackTrace:-1]: 	at cpw.mods.modlauncher.ClassTransformer.transform(ClassTransformer.java:120)
[10Feb2022 23:56:29.339] [main/INFO] [STDERR/]: [java.lang.Throwable:printEnclosedStackTrace:-1]: 	at cpw.mods.modlauncher.TransformingClassLoader$DelegatedClassLoader.findClass(TransformingClassLoader.java:265)
[10Feb2022 23:56:29.339] [main/INFO] [STDERR/]: [java.lang.Throwable:printEnclosedStackTrace:-1]: 	at cpw.mods.modlauncher.TransformingClassLoader.loadClass(TransformingClassLoader.java:136)
[10Feb2022 23:56:29.339] [main/INFO] [STDERR/]: [java.lang.Throwable:printEnclosedStackTrace:-1]: 	at cpw.mods.modlauncher.TransformingClassLoader.loadClass(TransformingClassLoader.java:98)
[10Feb2022 23:56:29.339] [main/INFO] [STDERR/]: [java.lang.Throwable:printEnclosedStackTrace:-1]: 	at java.lang.ClassLoader.loadClass(Unknown Source)
[10Feb2022 23:56:29.340] [main/INFO] [STDERR/]: [java.lang.Throwable:printEnclosedStackTrace:-1]: 	at net.minecraft.block.Blocks.<clinit>(Blocks.java:30)
[10Feb2022 23:56:29.340] [main/INFO] [STDERR/]: [java.lang.Throwable:printEnclosedStackTrace:-1]: 	at net.minecraft.world.gen.surfacebuilders.SurfaceBuilder.<clinit>(SurfaceBuilder.java:12)
[10Feb2022 23:56:29.340] [main/INFO] [STDERR/]: [java.lang.Throwable:printEnclosedStackTrace:-1]: 	at net.minecraft.world.gen.surfacebuilders.ConfiguredSurfaceBuilders.<clinit>(SourceFile:11)
[10Feb2022 23:56:29.340] [main/INFO] [STDERR/]: [java.lang.Throwable:printEnclosedStackTrace:-1]: 	at net.minecraft.util.registry.WorldGenRegistries.func_243674_g(WorldGenRegistries.java:33)
[10Feb2022 23:56:29.340] [main/INFO] [STDERR/]: [java.lang.Throwable:printEnclosedStackTrace:-1]: 	at net.minecraft.util.registry.WorldGenRegistries.func_243668_a(WorldGenRegistries.java:89)
[10Feb2022 23:56:29.340] [main/INFO] [STDERR/]: [java.lang.Throwable:printEnclosedStackTrace:-1]: 	at java.util.LinkedHashMap.forEach(Unknown Source)
[10Feb2022 23:56:29.340] [main/INFO] [STDERR/]: [java.lang.Throwable:printEnclosedStackTrace:-1]: 	at net.minecraft.util.registry.WorldGenRegistries.<clinit>(WorldGenRegistries.java:88)
[10Feb2022 23:56:29.340] [main/INFO] [STDERR/]: [java.lang.Throwable:printEnclosedStackTrace:-1]: 	at net.minecraft.util.registry.Registry.<clinit>(Registry.java:464)
[10Feb2022 23:56:29.340] [main/INFO] [STDERR/]: [java.lang.Throwable:printEnclosedStackTrace:-1]: 	at net.minecraft.util.registry.Bootstrap.func_151354_b(Bootstrap.java:38)
[10Feb2022 23:56:29.340] [main/INFO] [STDERR/]: [java.lang.Throwable:printEnclosedStackTrace:-1]: 	at net.minecraft.client.main.Main.lambda$main$0(Main.java:123)
[10Feb2022 23:56:29.340] [main/INFO] [STDERR/]: [java.lang.Throwable:printEnclosedStackTrace:-1]: 	at java.util.concurrent.Executors$RunnableAdapter.call(Unknown Source)
[10Feb2022 23:56:29.340] [main/INFO] [STDERR/]: [java.lang.Throwable:printEnclosedStackTrace:-1]: 	at java.util.concurrent.FutureTask.run(Unknown Source)
[10Feb2022 23:56:29.340] [main/INFO] [STDERR/]: [java.lang.Throwable:printEnclosedStackTrace:-1]: 	at java.util.concurrent.ThreadPoolExecutor.runWorker(Unknown Source)
[10Feb2022 23:56:29.341] [main/INFO] [STDERR/]: [java.lang.Throwable:printEnclosedStackTrace:-1]: 	at java.util.concurrent.ThreadPoolExecutor$Worker.run(Unknown Source)
[10Feb2022 23:56:29.341] [main/INFO] [STDERR/]: [java.lang.Throwable:printEnclosedStackTrace:-1]: 	at java.lang.Thread.run(Unknown Source)
[10Feb2022 23:56:29.341] [main/INFO] [STDERR/]: [java.lang.Throwable:printEnclosedStackTrace:-1]: Caused by: org.spongepowered.asm.mixin.injection.throwables.InjectionError: Critical injection failure: Constant modifier method hookLightningDamage(FLnet/minecraft/world/server/ServerWorld;Lnet/minecraft/entity/effect/LightningBoltEntity;)F in ars_nouveau.mixins.json:LightningRedirectMixin failed injection check, (0/1) succeeded. Scanned 1 target(s). Using refmap ars_nouveau.refmap.json
[10Feb2022 23:56:29.341] [main/INFO] [STDERR/]: [java.lang.Throwable:printEnclosedStackTrace:-1]: 	at org.spongepowered.asm.mixin.injection.struct.InjectionInfo.postInject(InjectionInfo.java:468)
[10Feb2022 23:56:29.341] [main/INFO] [STDERR/]: [java.lang.Throwable:printEnclosedStackTrace:-1]: 	at org.spongepowered.asm.mixin.transformer.MixinTargetContext.applyInjections(MixinTargetContext.java:1362)
[10Feb2022 23:56:29.342] [main/INFO] [STDERR/]: [java.lang.Throwable:printEnclosedStackTrace:-1]: 	at org.spongepowered.asm.mixin.transformer.MixinApplicatorStandard.applyInjections(MixinApplicatorStandard.java:1051)
[10Feb2022 23:56:29.342] [main/INFO] [STDERR/]: [java.lang.Throwable:printEnclosedStackTrace:-1]: 	at org.spongepowered.asm.mixin.transformer.MixinApplicatorStandard.applyMixin(MixinApplicatorStandard.java:400)
[10Feb2022 23:56:29.342] [main/INFO] [STDERR/]: [java.lang.Throwable:printEnclosedStackTrace:-1]: 	at org.spongepowered.asm.mixin.transformer.MixinApplicatorStandard.apply(MixinApplicatorStandard.java:325)
[10Feb2022 23:56:29.342] [main/INFO] [STDERR/]: [java.lang.Throwable:printEnclosedStackTrace:-1]: 	at org.spongepowered.asm.mixin.transformer.TargetClassContext.apply(TargetClassContext.java:383)
[10Feb2022 23:56:29.342] [main/INFO] [STDERR/]: [java.lang.Throwable:printEnclosedStackTrace:-1]: 	at org.spongepowered.asm.mixin.transformer.TargetClassContext.applyMixins(TargetClassContext.java:365)
[10Feb2022 23:56:29.342] [main/INFO] [STDERR/]: [java.lang.Throwable:printEnclosedStackTrace:-1]: 	at org.spongepowered.asm.mixin.transformer.MixinProcessor.applyMixins(MixinProcessor.java:363)
[10Feb2022 23:56:29.342] [main/INFO] [STDERR/]: [java.lang.Throwable:printEnclosedStackTrace:-1]: 	... 25 more
[10Feb2022 23:56:29.342] [main/INFO] [STDOUT/]: [org.multimc.EntryPoint:main:37]: Exiting with -1
